function --> (-1, -1)
ID --> 2
( --> (-1, -1)
ID --> 9
) --> (-1, -1)
: --> (-1, -1)
if --> (-1, -1)
( --> (-1, -1)
ID --> 9
equals --> (-1, -1)
const --> 9
) --> (-1, -1)
: --> (-1, -1)
return --> (-1, -1)
False --> (-1, -1)
; --> (-1, -1)
if --> (-1, -1)
( --> (-1, -1)
ID --> 9
equals --> (-1, -1)
const --> 10
ID --> 5
ID --> 9
equals --> (-1, -1)
const --> 11
) --> (-1, -1)
: --> (-1, -1)
return --> (-1, -1)
True --> (-1, -1)
if --> (-1, -1)
( --> (-1, -1)
ID --> 9
mod --> (-1, -1)
const --> 10
equals --> (-1, -1)
const --> 8
) --> (-1, -1)
: --> (-1, -1)
return --> (-1, -1)
False --> (-1, -1)
ID --> 7
= --> (-1, -1)
const --> 11
while --> (-1, -1)
( --> (-1, -1)
ID --> 7
lower --> (-1, -1)
ID --> 9
/ --> (-1, -1)
const --> 10
) --> (-1, -1)
: --> (-1, -1)
if --> (-1, -1)
( --> (-1, -1)
ID --> 9
mod --> (-1, -1)
ID --> 7
equals --> (-1, -1)
const --> 8
) --> (-1, -1)
: --> (-1, -1)
return --> (-1, -1)
False --> (-1, -1)
ID --> 7
+= --> (-1, -1)
const --> 10
return --> (-1, -1)
True --> (-1, -1)
